Thu 18 Jan 2018 14:58:23 WARNING dkym.py 225 7812 name 'requests' is not defined
Thu 18 Jan 2018 14:58:23 WARNING dkym.py 226 7812 登陆失败
Thu 18 Jan 2018 14:58:42 WARNING dkym.py 226 13808 name 'requests' is not defined
Thu 18 Jan 2018 15:00:02 WARNING dkym.py 227 13808 登陆失败
Thu 18 Jan 2018 15:00:41 WARNING dkym.py 228 19852 'ksbs' object has no attribute 'user'
Thu 18 Jan 2018 16:45:08 INFO dkym.py 265 9456 Message: element not visible
  (Session info: chrome=63.0.3239.132)
  (Driver info: chromedriver=2.32.498550 (9dec58e66c31bcc53a9ce3c7226f0c1c5810906a),platform=Windows NT 10.0.16299 x86_64)

Thu 18 Jan 2018 16:45:08 INFO dkym.py 265 9456 Message: element not visible
  (Session info: chrome=63.0.3239.132)
  (Driver info: chromedriver=2.32.498550 (9dec58e66c31bcc53a9ce3c7226f0c1c5810906a),platform=Windows NT 10.0.16299 x86_64)

Thu 18 Jan 2018 17:36:58 INFO dkym.py 291 11428 Message: element not visible
  (Session info: chrome=63.0.3239.132)
  (Driver info: chromedriver=2.32.498550 (9dec58e66c31bcc53a9ce3c7226f0c1c5810906a),platform=Windows NT 10.0.16299 x86_64)

Thu 18 Jan 2018 17:57:54 INFO dkym.py 366 1164 截取国税增值税申报信息
Thu 18 Jan 2018 17:57:58 INFO dkym.py 366 1164 截取国税财务报表申报信息
Thu 18 Jan 2018 18:04:11 INFO dkym.py 381 15780 截取国税增值税申报信息
Thu 18 Jan 2018 18:04:56 INFO dkym.py 381 15780 截取国税财务报表申报信息
Thu 18 Jan 2018 18:06:51 INFO dkym.py 381 4976 截取国税增值税申报信息
Thu 18 Jan 2018 18:07:06 INFO dkym.py 381 4976 截取国税财务报表申报信息
Thu 18 Jan 2018 18:07:18 INFO dkym.py 381 4976 截取国税所得税申报信息
Thu 18 Jan 2018 18:09:18 INFO dkym.py 381 12684 截取国税增值税申报信息
Thu 18 Jan 2018 18:09:20 INFO dkym.py 381 12684 截取国税财务报表申报信息
Thu 18 Jan 2018 18:09:22 INFO dkym.py 381 12684 截取国税所得税申报信息
Thu 18 Jan 2018 18:11:18 INFO dkym.py 381 16612 截取国税增值税申报信息
Thu 18 Jan 2018 18:11:20 INFO dkym.py 381 16612 截取国税财务报表申报信息
Thu 18 Jan 2018 18:11:21 INFO dkym.py 381 16612 截取国税所得税申报信息
Thu 18 Jan 2018 18:13:36 WARNING dkym.py 581 16612 'ksbs' object has no attribute 'dishuicxgr'
Thu 18 Jan 2018 18:13:37 INFO dkym.py 582 16612 地税查询失败
Thu 18 Jan 2018 18:15:12 INFO dkym.py 381 4272 截取国税增值税申报信息
Thu 18 Jan 2018 18:15:14 INFO dkym.py 381 4272 截取国税财务报表申报信息
Thu 18 Jan 2018 18:15:16 INFO dkym.py 381 4272 截取国税所得税申报信息
Thu 18 Jan 2018 18:16:25 WARNING dkym.py 594 4272 'ksbs' object has no attribute 'batchyear'
Thu 18 Jan 2018 18:19:23 INFO dkym.py 382 2944 截取国税增值税申报信息
Thu 18 Jan 2018 18:19:25 INFO dkym.py 382 2944 截取国税财务报表申报信息
Thu 18 Jan 2018 18:19:27 INFO dkym.py 382 2944 截取国税所得税申报信息
Thu 18 Jan 2018 19:16:39 INFO dkym.py 382 16424 截取国税增值税申报信息
Thu 18 Jan 2018 19:16:40 INFO dkym.py 382 16424 截取国税财务报表申报信息
Thu 18 Jan 2018 19:16:42 INFO dkym.py 382 16424 截取国税所得税申报信息
Thu 18 Jan 2018 19:16:47 WARNING dkym.py 597 16424 Message: no such window
  (Session info: chrome=63.0.3239.132)
  (Driver info: chromedriver=2.32.498550 (9dec58e66c31bcc53a9ce3c7226f0c1c5810906a),platform=Windows NT 10.0.16299 x86_64)

Thu 18 Jan 2018 19:16:47 INFO dkym.py 598 16424 地税查询失败
Thu 18 Jan 2018 19:32:11 WARNING dkym.py 626 12328 Message: no such element: Unable to locate element: {"method":"css selector","selector":"#sssqq .mini-buttonedit-input"}
  (Session info: chrome=63.0.3239.132)
  (Driver info: chromedriver=2.32.498550 (9dec58e66c31bcc53a9ce3c7226f0c1c5810906a),platform=Windows NT 10.0.16299 x86_64)

Thu 18 Jan 2018 19:37:26 WARNING dkym.py 626 11612 Message: no such element: Unable to locate element: {"method":"css selector","selector":"#sssqq .mini-buttonedit-input"}
  (Session info: chrome=63.0.3239.132)
  (Driver info: chromedriver=2.32.498550 (9dec58e66c31bcc53a9ce3c7226f0c1c5810906a),platform=Windows NT 10.0.16299 x86_64)

Thu 18 Jan 2018 19:43:06 WARNING dkym.py 635 20188 Message: 

Thu 18 Jan 2018 19:48:51 WARNING dkym.py 658 10980 Message: 

Thu 18 Jan 2018 20:01:44 WARNING dkym.py 660 20336 Message: 

Thu 18 Jan 2018 20:03:12 WARNING dkym.py 660 2788 Message: 

Thu 18 Jan 2018 20:06:36 WARNING dkym.py 660 20036 Message: no such element: Unable to locate element: {"method":"css selector","selector":"#zsxmDm"}
  (Session info: chrome=63.0.3239.132)
  (Driver info: chromedriver=2.32.498550 (9dec58e66c31bcc53a9ce3c7226f0c1c5810906a),platform=Windows NT 10.0.16299 x86_64)

Thu 18 Jan 2018 20:08:27 WARNING dkym.py 660 12400 Message: no such element: Unable to locate element: {"method":"css selector","selector":"#zsxmDm"}
  (Session info: chrome=63.0.3239.132)
  (Driver info: chromedriver=2.32.498550 (9dec58e66c31bcc53a9ce3c7226f0c1c5810906a),platform=Windows NT 10.0.16299 x86_64)

Thu 18 Jan 2018 21:09:36 INFO dkym.py 655 19728 'NoneType' object has no attribute 'page_source'
Thu 18 Jan 2018 21:10:23 INFO dkym.py 655 3552 'NoneType' object has no attribute 'page_source'
Thu 18 Jan 2018 21:12:10 INFO dkym.py 660 15512 Message: no such window: target window already closed
from unknown error: web view not found
  (Session info: chrome=63.0.3239.132)
  (Driver info: chromedriver=2.32.498550 (9dec58e66c31bcc53a9ce3c7226f0c1c5810906a),platform=Windows NT 10.0.16299 x86_64)

Thu 18 Jan 2018 21:13:20 INFO dkym.py 497 12348 Message: no such element: Unable to locate element: {"method":"css selector","selector":"#mini-37 .mini-button-text"}
  (Session info: chrome=63.0.3239.132)
  (Driver info: chromedriver=2.32.498550 (9dec58e66c31bcc53a9ce3c7226f0c1c5810906a),platform=Windows NT 10.0.16299 x86_64)

Thu 18 Jan 2018 21:13:20 WARNING dkym.py 627 12348 Message: unknown error: Element <span class="mini-button-text  mini-button-icon ico-next pngbg">...</span> is not clickable at point (1417, 292). Other element would receive the click: <div class="mini-modal mini-fixed" style="display: block; z-index: 999;"></div>
  (Session info: chrome=63.0.3239.132)
  (Driver info: chromedriver=2.32.498550 (9dec58e66c31bcc53a9ce3c7226f0c1c5810906a),platform=Windows NT 10.0.16299 x86_64)

Thu 18 Jan 2018 21:14:59 INFO dkym.py 658 12348 Message: chrome not reachable
  (Session info: chrome=63.0.3239.132)
  (Driver info: chromedriver=2.32.498550 (9dec58e66c31bcc53a9ce3c7226f0c1c5810906a),platform=Windows NT 10.0.16299 x86_64)

Thu 18 Jan 2018 21:15:38 INFO dkym.py 658 18108 Message: chrome not reachable
  (Session info: chrome=63.0.3239.132)
  (Driver info: chromedriver=2.32.498550 (9dec58e66c31bcc53a9ce3c7226f0c1c5810906a),platform=Windows NT 10.0.16299 x86_64)

Fri 26 Jan 2018 19:06:23 INFO dkym.py 909 14952 'NoneType' object has no attribute 'page_source'
Fri 26 Jan 2018 19:08:50 INFO dkym.py 910 8856 'NoneType' object has no attribute 'page_source'
Fri 26 Jan 2018 19:10:50 INFO dkym.py 910 19128 'NoneType' object has no attribute 'page_source'
Fri 26 Jan 2018 19:14:47 INFO dkym.py 698 8980 Message: no such element: Unable to locate element: {"method":"css selector","selector":"#mini-37 .mini-button-text"}
  (Session info: chrome=63.0.3239.132)
  (Driver info: chromedriver=2.32.498550 (9dec58e66c31bcc53a9ce3c7226f0c1c5810906a),platform=Windows NT 10.0.16299 x86_64)

Fri 26 Jan 2018 19:14:47 WARNING dkym.py 880 8980 Message: unknown error: Element <span class="mini-button-text  mini-button-icon ico-next pngbg">...</span> is not clickable at point (1417, 292). Other element would receive the click: <div class="mini-modal mini-fixed" style="display: block; z-index: 999;"></div>
  (Session info: chrome=63.0.3239.132)
  (Driver info: chromedriver=2.32.498550 (9dec58e66c31bcc53a9ce3c7226f0c1c5810906a),platform=Windows NT 10.0.16299 x86_64)

Fri 26 Jan 2018 19:18:47 INFO dkym.py 581 9580 截取国税增值税申报信息
Fri 26 Jan 2018 19:24:19 INFO dkym.py 581 19400 截取国税财务报表申报信息
Fri 26 Jan 2018 19:30:58 INFO dkym.py 581 22004 截取国税财务报表申报信息
Fri 26 Jan 2018 19:45:42 INFO dkym.py 604 10108 截取国税财务报表申报信息
Fri 26 Jan 2018 19:50:00 INFO dkym.py 604 15424 截取国税财务报表申报信息
Sat 27 Jan 2018 11:23:18 INFO dkym.py 467 3244 insert_db() missing 3 required positional arguments: 'db', 'sql', and 'params'
Sat 27 Jan 2018 11:24:32 INFO dkym.py 467 19080 (229, b"The EXECUTE permission was denied on the object 'prAccount_Book_ReportTaxAsset', database 'ACT18282900', schema 'dbo'.DB-Lib error message 20018, severity 14:\nGeneral SQL Server error: Check messages from the SQL Server\n")
Sat 27 Jan 2018 11:26:50 INFO dkym.py 467 19316 (229, b"The SELECT permission was denied on the object 'TSysRule', database 'AccountCenter', schema 'dbo'.DB-Lib error message 20018, severity 14:\nGeneral SQL Server error: Check messages from the SQL Server\n")
Sat 27 Jan 2018 11:43:32 INFO dkym.py 471 15100 Statement not executed or executed statement has no resultset
Sat 27 Jan 2018 11:49:57 INFO dkym.py 473 10204 'pymssql.Cursor' object has no attribute 'stored_results'
Sat 27 Jan 2018 12:05:20 INFO dkym.py 473 6080 Statement not executed or executed statement has no resultset
Sat 27 Jan 2018 12:06:33 INFO dkym.py 473 8760 callproc() takes at most 2 positional arguments (3 given)
Sat 27 Jan 2018 12:08:37 INFO dkym.py 473 6732 (8144, b'Procedure or function prAccount_Book_ReportTaxAsset has too many arguments specified.DB-Lib error message 20018, severity 16:\nGeneral SQL Server error: Check messages from the SQL Server\n')
Sat 27 Jan 2018 12:15:04 INFO dkym.py 474 21176 Statement not executed or executed statement has no resultset
Sat 27 Jan 2018 15:38:20 INFO dkym.py 935 14972 Message: invalid selector: An invalid or illegal selector was specified
  (Session info: chrome=63.0.3239.132)
  (Driver info: chromedriver=2.32.498550 (9dec58e66c31bcc53a9ce3c7226f0c1c5810906a),platform=Windows NT 10.0.16299 x86_64)

Sat 27 Jan 2018 15:39:47 INFO dkym.py 935 16952 Message: invalid selector: An invalid or illegal selector was specified
  (Session info: chrome=63.0.3239.132)
  (Driver info: chromedriver=2.32.498550 (9dec58e66c31bcc53a9ce3c7226f0c1c5810906a),platform=Windows NT 10.0.16299 x86_64)

Sat 27 Jan 2018 15:49:43 INFO dkym.py 936 5496 Message: invalid selector: An invalid or illegal selector was specified
  (Session info: chrome=63.0.3239.132)
  (Driver info: chromedriver=2.32.498550 (9dec58e66c31bcc53a9ce3c7226f0c1c5810906a),platform=Windows NT 10.0.16299 x86_64)

Sat 27 Jan 2018 15:50:44 INFO dkym.py 937 18636 Message: invalid selector: An invalid or illegal selector was specified
  (Session info: chrome=63.0.3239.132)
  (Driver info: chromedriver=2.32.498550 (9dec58e66c31bcc53a9ce3c7226f0c1c5810906a),platform=Windows NT 10.0.16299 x86_64)

Sat 27 Jan 2018 15:55:22 INFO dkym.py 937 18224 Message: invalid selector: An invalid or illegal selector was specified
  (Session info: chrome=63.0.3239.132)
  (Driver info: chromedriver=2.32.498550 (9dec58e66c31bcc53a9ce3c7226f0c1c5810906a),platform=Windows NT 10.0.16299 x86_64)

Sat 27 Jan 2018 15:56:39 INFO dkym.py 937 22212 Message: invalid selector: An invalid or illegal selector was specified
  (Session info: chrome=63.0.3239.132)
  (Driver info: chromedriver=2.32.498550 (9dec58e66c31bcc53a9ce3c7226f0c1c5810906a),platform=Windows NT 10.0.16299 x86_64)

Sat 27 Jan 2018 16:00:57 INFO dkym.py 940 21332 tuple index out of range
Sat 27 Jan 2018 16:03:06 INFO dkym.py 940 21576 Message: invalid selector: An invalid or illegal selector was specified
  (Session info: chrome=63.0.3239.132)
  (Driver info: chromedriver=2.32.498550 (9dec58e66c31bcc53a9ce3c7226f0c1c5810906a),platform=Windows NT 10.0.16299 x86_64)

Sat 27 Jan 2018 16:04:28 INFO dkym.py 1335 20812 apply失败
Sat 27 Jan 2018 16:04:28 WARNING dkym.py 1336 20812 Message: element not visible
  (Session info: chrome=63.0.3239.132)
  (Driver info: chromedriver=2.32.498550 (9dec58e66c31bcc53a9ce3c7226f0c1c5810906a),platform=Windows NT 10.0.16299 x86_64)

Sat 27 Jan 2018 16:06:48 INFO dkym.py 940 19992 Message: invalid selector: Unable to locate an element with the xpath expression //input[id='001C27' because of the following error:
SyntaxError: Failed to execute 'evaluate' on 'Document': The string '//input[id='001C27'' is not a valid XPath expression.
  (Session info: chrome=63.0.3239.132)
  (Driver info: chromedriver=2.32.498550 (9dec58e66c31bcc53a9ce3c7226f0c1c5810906a),platform=Windows NT 10.0.16299 x86_64)

Sat 27 Jan 2018 16:12:55 INFO dkym.py 940 18956 Message: invalid selector: Unable to locate an element with the xpath expression //input[id=001C27] because of the following error:
SyntaxError: Failed to execute 'evaluate' on 'Document': The string '//input[id=001C27]' is not a valid XPath expression.
  (Session info: chrome=63.0.3239.132)
  (Driver info: chromedriver=2.32.498550 (9dec58e66c31bcc53a9ce3c7226f0c1c5810906a),platform=Windows NT 10.0.16299 x86_64)

Sat 27 Jan 2018 16:16:37 INFO dkym.py 940 22992 'list' object has no attribute 'send_keys'
Sat 27 Jan 2018 16:23:42 INFO dkym.py 940 22072 Message: no such element: Unable to locate element: {"method":"xpath","selector":"//input[id="001C27"]"}
  (Session info: chrome=63.0.3239.132)
  (Driver info: chromedriver=2.32.498550 (9dec58e66c31bcc53a9ce3c7226f0c1c5810906a),platform=Windows NT 10.0.16299 x86_64)

Sat 27 Jan 2018 16:25:19 INFO dkym.py 940 13712 Message: invalid selector: An invalid or illegal selector was specified
  (Session info: chrome=63.0.3239.132)
  (Driver info: chromedriver=2.32.498550 (9dec58e66c31bcc53a9ce3c7226f0c1c5810906a),platform=Windows NT 10.0.16299 x86_64)

Sat 27 Jan 2018 16:26:27 INFO dkym.py 940 7820 Message: invalid selector: An invalid or illegal selector was specified
  (Session info: chrome=63.0.3239.132)
  (Driver info: chromedriver=2.32.498550 (9dec58e66c31bcc53a9ce3c7226f0c1c5810906a),platform=Windows NT 10.0.16299 x86_64)

Sat 27 Jan 2018 16:29:23 INFO dkym.py 940 8904 Message: invalid selector: An invalid or illegal selector was specified
  (Session info: chrome=63.0.3239.132)
  (Driver info: chromedriver=2.32.498550 (9dec58e66c31bcc53a9ce3c7226f0c1c5810906a),platform=Windows NT 10.0.16299 x86_64)

Sat 27 Jan 2018 16:33:37 INFO dkym.py 941 23520 Message: invalid selector: An invalid or illegal selector was specified
  (Session info: chrome=63.0.3239.132)
  (Driver info: chromedriver=2.32.498550 (9dec58e66c31bcc53a9ce3c7226f0c1c5810906a),platform=Windows NT 10.0.16299 x86_64)

Sat 27 Jan 2018 16:34:50 INFO dkym.py 941 13456 Message: invalid selector: An invalid or illegal selector was specified
  (Session info: chrome=63.0.3239.132)
  (Driver info: chromedriver=2.32.498550 (9dec58e66c31bcc53a9ce3c7226f0c1c5810906a),platform=Windows NT 10.0.16299 x86_64)

Sat 27 Jan 2018 16:42:39 INFO dkym.py 1336 7316 apply失败
Sat 27 Jan 2018 16:42:39 WARNING dkym.py 1337 7316 Message: element not visible
  (Session info: chrome=63.0.3239.132)
  (Driver info: chromedriver=2.32.498550 (9dec58e66c31bcc53a9ce3c7226f0c1c5810906a),platform=Windows NT 10.0.16299 x86_64)

Sat 27 Jan 2018 16:46:44 INFO dkym.py 942 22076 object of type 'decimal.Decimal' has no len()
Sat 27 Jan 2018 16:51:49 INFO dkym.py 942 24424 Message: invalid selector: An invalid or illegal selector was specified
  (Session info: chrome=63.0.3239.132)
  (Driver info: chromedriver=2.32.498550 (9dec58e66c31bcc53a9ce3c7226f0c1c5810906a),platform=Windows NT 10.0.16299 x86_64)

Sat 27 Jan 2018 16:53:45 INFO dkym.py 942 14648 Message: invalid selector: An invalid or illegal selector was specified
  (Session info: chrome=63.0.3239.132)
  (Driver info: chromedriver=2.32.498550 (9dec58e66c31bcc53a9ce3c7226f0c1c5810906a),platform=Windows NT 10.0.16299 x86_64)

Sat 27 Jan 2018 17:31:15 INFO dkym.py 1539 4776 Message: invalid selector: An invalid or illegal selector was specified
  (Session info: chrome=63.0.3239.132)
  (Driver info: chromedriver=2.32.498550 (9dec58e66c31bcc53a9ce3c7226f0c1c5810906a),platform=Windows NT 10.0.16299 x86_64)

Sat 27 Jan 2018 17:34:51 INFO dkym.py 1539 21660 Message: invalid selector: An invalid or illegal selector was specified
  (Session info: chrome=63.0.3239.132)
  (Driver info: chromedriver=2.32.498550 (9dec58e66c31bcc53a9ce3c7226f0c1c5810906a),platform=Windows NT 10.0.16299 x86_64)

Sat 27 Jan 2018 17:37:37 INFO dkym.py 1541 4820 Message: no such element: Unable to locate element: {"method":"id","selector":"#mini-1$2"}
  (Session info: chrome=63.0.3239.132)
  (Driver info: chromedriver=2.32.498550 (9dec58e66c31bcc53a9ce3c7226f0c1c5810906a),platform=Windows NT 10.0.16299 x86_64)

Sat 27 Jan 2018 17:43:29 INFO dkym.py 1541 13952 Message: no such element: Unable to locate element: {"method":"id","selector":"#mini-1$2"}
  (Session info: chrome=63.0.3239.132)
  (Driver info: chromedriver=2.32.498550 (9dec58e66c31bcc53a9ce3c7226f0c1c5810906a),platform=Windows NT 10.0.16299 x86_64)

Sat 27 Jan 2018 17:46:01 INFO dkym.py 1543 13932 Message: no such element: Unable to locate element: {"method":"id","selector":"#mini-1$2"}
  (Session info: chrome=63.0.3239.132)
  (Driver info: chromedriver=2.32.498550 (9dec58e66c31bcc53a9ce3c7226f0c1c5810906a),platform=Windows NT 10.0.16299 x86_64)

Sat 27 Jan 2018 17:48:40 INFO dkym.py 1545 18524 Message: no such element: Unable to locate element: {"method":"id","selector":"#mini-1$2"}
  (Session info: chrome=63.0.3239.132)
  (Driver info: chromedriver=2.32.498550 (9dec58e66c31bcc53a9ce3c7226f0c1c5810906a),platform=Windows NT 10.0.16299 x86_64)

Sat 27 Jan 2018 17:59:29 INFO dkym.py 1723 14200 截取国税增值税申报信息
Mon 29 Jan 2018 10:21:47 INFO dkym.py 1724 10668 截取国税增值税申报信息
Mon 29 Jan 2018 11:08:14 INFO dkym.py 1559 7624 1
Mon 29 Jan 2018 11:09:17 INFO dkym.py 1559 4224 1
Mon 29 Jan 2018 11:12:10 INFO dkym.py 1559 1404 1
Mon 29 Jan 2018 11:13:32 INFO dkym.py 1559 3964 1
Mon 29 Jan 2018 11:15:29 INFO dkym.py 1559 11308 1
Mon 29 Jan 2018 14:11:13 INFO dkym.py 1559 16016 'float' object has no attribute 'quantize'
Mon 29 Jan 2018 14:15:28 INFO dkym.py 1954 15928 apply失败
Mon 29 Jan 2018 14:15:28 WARNING dkym.py 1955 15928 Message: element not visible
  (Session info: chrome=63.0.3239.132)
  (Driver info: chromedriver=2.32.498550 (9dec58e66c31bcc53a9ce3c7226f0c1c5810906a),platform=Windows NT 10.0.16299 x86_64)

Mon 29 Jan 2018 14:42:26 INFO dkym.py 1913 9096 apply失败
Mon 29 Jan 2018 14:42:26 WARNING dkym.py 1914 9096 Message: no such element: Unable to locate element: {"method":"css selector","selector":"#mini-4 span"}
  (Session info: chrome=63.0.3239.132)
  (Driver info: chromedriver=2.32.498550 (9dec58e66c31bcc53a9ce3c7226f0c1c5810906a),platform=Windows NT 10.0.16299 x86_64)

Tue 30 Jan 2018 10:32:19 INFO dkym.py 617 10800 '长期待摊费用'
Tue 30 Jan 2018 10:33:52 INFO dkym.py 617 8320 '长期待摊费用'
Tue 30 Jan 2018 10:38:09 INFO dkym.py 1012 10568 apply失败
Tue 30 Jan 2018 10:38:09 WARNING dkym.py 1013 10568 Message: no such element: Unable to locate element: {"method":"css selector","selector":"#mini-4 span"}
  (Session info: chrome=63.0.3239.132)
  (Driver info: chromedriver=2.32.498550 (9dec58e66c31bcc53a9ce3c7226f0c1c5810906a),platform=Windows NT 10.0.16299 x86_64)

Fri 09 Mar 2018 15:18:28 INFO dkym.py 1015 23056 apply失败
Fri 09 Mar 2018 15:18:28 WARNING dkym.py 1016 23056 Message: unknown error: Element <a href="javascript:void(0)" class="sbxx-more"></a> is not clickable at point (978, 671). Other element would receive the click: <div class="mini-modal mini-fixed" style="display: block; z-index: 1004;"></div>
  (Session info: chrome=64.0.3282.186)
  (Driver info: chromedriver=2.32.498550 (9dec58e66c31bcc53a9ce3c7226f0c1c5810906a),platform=Windows NT 10.0.16299 x86_64)

Fri 09 Mar 2018 15:35:23 INFO dkym.py 705 17416 Message: no such element: Unable to locate element: {"method":"css selector","selector":"#layui-layer1 div.layui-layer-btn a"}
  (Session info: chrome=64.0.3282.186)
  (Driver info: chromedriver=2.32.498550 (9dec58e66c31bcc53a9ce3c7226f0c1c5810906a),platform=Windows NT 10.0.16299 x86_64)

Fri 09 Mar 2018 15:36:27 INFO dkym.py 705 7244 Message: 

Fri 09 Mar 2018 15:37:48 INFO dkym.py 705 12376 Message: no such element: Unable to locate element: {"method":"css selector","selector":"#layui-layer1 div.layui-layer-btn a"}
  (Session info: chrome=64.0.3282.186)
  (Driver info: chromedriver=2.32.498550 (9dec58e66c31bcc53a9ce3c7226f0c1c5810906a),platform=Windows NT 10.0.16299 x86_64)

Fri 09 Mar 2018 15:42:12 INFO dkym.py 709 15548 Message: no such element: Unable to locate element: {"method":"css selector","selector":"#layui-layer1 div.layui-layer-btn a"}
  (Session info: chrome=64.0.3282.186)
  (Driver info: chromedriver=2.32.498550 (9dec58e66c31bcc53a9ce3c7226f0c1c5810906a),platform=Windows NT 10.0.16299 x86_64)

Fri 09 Mar 2018 15:48:25 INFO dkym.py 1024 22744 apply失败
Fri 09 Mar 2018 15:48:25 WARNING dkym.py 1025 22744 Message: unknown error: Element <a href="javascript:void(0)" class="sbxx-more"></a> is not clickable at point (978, 613). Other element would receive the click: <div class="mini-modal mini-fixed" style="display: block; z-index: 1004;"></div>
  (Session info: chrome=64.0.3282.186)
  (Driver info: chromedriver=2.32.498550 (9dec58e66c31bcc53a9ce3c7226f0c1c5810906a),platform=Windows NT 10.0.16299 x86_64)

Fri 09 Mar 2018 15:53:38 INFO dkym.py 714 11496 Message: no such element: Unable to locate element: {"method":"css selector","selector":"#layui-layer1 div.layui-layer-btn a"}
  (Session info: chrome=64.0.3282.186)
  (Driver info: chromedriver=2.32.498550 (9dec58e66c31bcc53a9ce3c7226f0c1c5810906a),platform=Windows NT 10.0.16299 x86_64)

Fri 09 Mar 2018 15:54:27 INFO dkym.py 714 16928 Message: no such element: Unable to locate element: {"method":"css selector","selector":"#layui-layer1 div.layui-layer-btn a"}
  (Session info: chrome=64.0.3282.186)
  (Driver info: chromedriver=2.32.498550 (9dec58e66c31bcc53a9ce3c7226f0c1c5810906a),platform=Windows NT 10.0.16299 x86_64)

Fri 09 Mar 2018 15:57:14 INFO dkym.py 717 13304 Message: no such element: Unable to locate element: {"method":"css selector","selector":"#layui-layer1 div.layui-layer-btn a"}
  (Session info: chrome=64.0.3282.186)
  (Driver info: chromedriver=2.32.498550 (9dec58e66c31bcc53a9ce3c7226f0c1c5810906a),platform=Windows NT 10.0.16299 x86_64)

Fri 09 Mar 2018 16:03:50 INFO dkym.py 720 16180 Message: unknown error: Element <iframe id="qyIndex" name="qyIndex" marginwidth="0" marginheight="0" scrolling="no" src="/dzswj/qyMain.do?method=showMain&amp;menufw=100000&amp;menuId=100103&amp;isAutoClick=Y&amp;Pzxh=1&amp;gnmk='sfjn'&amp;sbid=1520582628058" frameborder="0" style="width:100%;" onload="reinitIframeEND('qyIndex');" height="963" cd_frame_id_="292be4891b43d477fe67ccde06ad4a8f">...</iframe> is not clickable at point (471, 207). Other element would receive the click: <div class="layui-layer-shade" id="layui-layer-shade3" times="3" style="z-index:19891016; background-color:#000; opacity:0.3; filter:alpha(opacity=30);"></div>
  (Session info: chrome=64.0.3282.186)
  (Driver info: chromedriver=2.32.498550 (9dec58e66c31bcc53a9ce3c7226f0c1c5810906a),platform=Windows NT 10.0.16299 x86_64)

Fri 09 Mar 2018 16:15:31 INFO dkym.py 721 19460 Message: no such element: Unable to locate element: {"method":"css selector","selector":"#confirmSbBtn"}
  (Session info: chrome=64.0.3282.186)
  (Driver info: chromedriver=2.32.498550 (9dec58e66c31bcc53a9ce3c7226f0c1c5810906a),platform=Windows NT 10.0.16299 x86_64)

Fri 16 Mar 2018 14:36:45 WARNING dkym.py 1152 5248 Message: unknown error: call function result missing 'value'
  (Session info: chrome=65.0.3325.162)
  (Driver info: chromedriver=2.32.498550 (9dec58e66c31bcc53a9ce3c7226f0c1c5810906a),platform=Windows NT 10.0.16299 x86_64)

Fri 20 Apr 2018 15:31:54 WARNING dkym.py 1082 25680 'ksbs' object has no attribute 'customerid'
Fri 20 Apr 2018 15:31:54 WARNING dkym.py 1083 25680 登陆失败
Fri 20 Apr 2018 15:32:06 WARNING dkym.py 1082 24800 'ksbs' object has no attribute 'customerid'
Fri 20 Apr 2018 15:32:06 WARNING dkym.py 1083 24800 登陆失败
Fri 20 Apr 2018 15:32:27 WARNING dkym.py 1082 15792 'ksbs' object has no attribute 'customerid'
Fri 20 Apr 2018 15:32:27 WARNING dkym.py 1083 15792 登陆失败
Fri 20 Apr 2018 15:32:44 WARNING dkym.py 1082 9416 'ksbs' object has no attribute 'customerid'
Fri 20 Apr 2018 15:38:58 WARNING dkym.py 1083 9416 登陆失败
Fri 20 Apr 2018 15:40:00 WARNING dkym.py 1077 8340 'ksbs' object has no attribute 'get_js'
Fri 20 Apr 2018 15:40:01 WARNING dkym.py 1078 8340 登陆失败
Fri 20 Apr 2018 15:41:11 INFO dkym.py 258 25656 ticket:3fejzgR2wFdgrHiagE2OhVnzL6YSi9FGm1Af5nOk0L4wlSpw3nEj-MAqgaczkZib5xnl6P9qhMw*
Fri 20 Apr 2018 15:42:20 INFO dkym.py 258 24340 ticket:
Fri 20 Apr 2018 15:42:23 INFO dkym.py 277 24340 {"nsrsbh":"440300570032864","nsrpwd":"fd8e9b40f923e2eab0e9f7197cf022e7b821c210","tagger":"","redirectURL":"","time":"2018-04-20 15:42:22"}
Fri 20 Apr 2018 15:42:34 INFO dkym.py 258 24340 ticket:DHRzP7TWGfZYrlQTT3xrLu0dWiB1MTL7Cq_-hYfKo8CMsXoDpX4Y9wXffByHFGNia-QFq4v8Yyw*
Fri 20 Apr 2018 15:42:34 INFO dkym.py 277 24340 {"nsrsbh":"440300570032864","nsrpwd":"fd8e9b40f923e2eab0e9f7197cf022e7b821c210","tagger":"DHRzP7TWGfZYrlQTT3xrLu0dWiB1MTL7Cq_-hYfKo8CMsXoDpX4Y9wXffByHFGNia-QFq4v8Yyw*","redirectURL":"","time":"2018-04-20 15:42:34"}
Fri 20 Apr 2018 16:11:30 INFO dkym.py 106 28100 开始登录
Fri 20 Apr 2018 16:11:55 INFO dkym.py 197 28100 HTTPSConnectionPool(host='captcha.guard.qcloud.com', port=443): Read timed out.
Fri 20 Apr 2018 16:12:19 INFO dkym.py 106 27548 开始登录
Fri 20 Apr 2018 16:13:06 INFO dkym.py 279 27548 ticket:Ids_FiW2gVmat6ATnz53XuVbB4r18XJitfwF0-Lf-3D_QFbZuWWXej91Awc3UwhAZZzlq0JfJHM*
Fri 20 Apr 2018 16:13:10 INFO dkym.py 298 27548 {"nsrsbh":"440300570032864","nsrpwd":"fd8e9b40f923e2eab0e9f7197cf022e7b821c210","tagger":"Ids_FiW2gVmat6ATnz53XuVbB4r18XJitfwF0-Lf-3D_QFbZuWWXej91Awc3UwhAZZzlq0JfJHM*","redirectURL":"","time":"2018-04-20 16:13:09"}
Fri 20 Apr 2018 19:38:10 INFO dkym.py 106 13860 开始登录
Fri 20 Apr 2018 19:38:10 WARNING dkym.py 1100 13860 Expecting value: line 1 column 1 (char 0)
Fri 20 Apr 2018 19:38:10 WARNING dkym.py 1101 13860 登陆失败
